c:\localpro\ratbehavioranalysis\ratbehavioranalysis\debug\vc120.pdb
c:\localpro\ratbehavioranalysis\ratbehavioranalysis\debug\ratbehavioranalysis.obj
c:\localpro\ratbehavioranalysis\ratbehavioranalysis\debug\main.obj
c:\localpro\ratbehavioranalysis\ratbehavioranalysis\debug\moc_ratbehavioranalysis.obj
c:\localpro\ratbehavioranalysis\ratbehavioranalysis\debug\qrc_ratbehavioranalysis.obj
c:\localpro\ratbehavioranalysis\ratbehavioranalysis\generatedfiles\debug\moc_ratbehavioranalysis.cpp
c:\localpro\ratbehavioranalysis\ratbehavioranalysis\generatedfiles\ui_ratbehavioranalysis.h
c:\localpro\ratbehavioranalysis\ratbehavioranalysis\generatedfiles\qrc_ratbehavioranalysis.cpp
c:\localpro\ratbehavioranalysis\win32\debug\ratbehavioranalysis.ilk
c:\localpro\ratbehavioranalysis\win32\debug\ratbehavioranalysis.exe
c:\localpro\ratbehavioranalysis\win32\debug\ratbehavioranalysis.pdb
c:\localpro\ratbehavioranalysis\ratbehavioranalysis\debug\ratbehav.b12702ad.tlog\cl.command.1.tlog
c:\localpro\ratbehavioranalysis\ratbehavioranalysis\debug\ratbehav.b12702ad.tlog\cl.read.1.tlog
c:\localpro\ratbehavioranalysis\ratbehavioranalysis\debug\ratbehav.b12702ad.tlog\cl.write.1.tlog
c:\localpro\ratbehavioranalysis\ratbehavioranalysis\debug\ratbehav.b12702ad.tlog\custombuild.command.1.tlog
c:\localpro\ratbehavioranalysis\ratbehavioranalysis\debug\ratbehav.b12702ad.tlog\custombuild.read.1.tlog
c:\localpro\ratbehavioranalysis\ratbehavioranalysis\debug\ratbehav.b12702ad.tlog\custombuild.write.1.tlog
c:\localpro\ratbehavioranalysis\ratbehavioranalysis\debug\ratbehav.b12702ad.tlog\link.command.1.tlog
c:\localpro\ratbehavioranalysis\ratbehavioranalysis\debug\ratbehav.b12702ad.tlog\link.read.1.tlog
c:\localpro\ratbehavioranalysis\ratbehavioranalysis\debug\ratbehav.b12702ad.tlog\link.write.1.tlog
