Build started 2018/3/30 11:45:42.
     1>Project "C:\LocalPro\KinectV2\RatBehaviorAnalysis\RatBehaviorAnalysis\RatBehaviorAnalysis.vcxproj" on node 2 (Build target(s)).
     1>CustomBuild:
         Moc'ing ratbehavioranalysis.h...
         Uic'ing ratbehavioranalysis.ui...
         Rcc'ing ratbehavioranalysis.qrc...
     1>RCC : warning : No resources in 'C:\LocalPro\KinectV2\RatBehaviorAnalysis\RatBehaviorAnalysis\ratbehavioranalysis.qrc'.
         
       ClCompile:
         C:\Program Files (x86)\Microsoft Visual Studio 12.0\VC\bin\CL.exe /c /I.\GeneratedFiles /I. /ID:\Qt\Qt5.6.0\5.6\msvc2013\include /I.\GeneratedFiles\Debug /ID:\Qt\Qt5.6.0\5.6\msvc2013\include\QtCore /ID:\Qt\Qt5.6.0\5.6\msvc2013\include\QtGui /ID:\Qt\Qt5.6.0\5.6\msvc2013\include\QtWidgets /Zi /nologo /W1 /WX- /Od /Oy- /D UNICODE /D WIN32 /D WIN64 /D QT_DLL /D QT_CORE_LIB /D QT_GUI_LIB /D QT_WIDGETS_LIB /Gm- /EHsc /MDd /GS /fp:precise /Zc:wchar_t /Zc:forScope /Fo"Debug\\" /Fd"Debug\vc120.pdb" /Gd /TP /analyze- /errorReport:prompt GeneratedFiles\Debug\moc_ratbehavioranalysis.cpp main.cpp ratbehavioranalysis.cpp
         moc_ratbehavioranalysis.cpp
         main.cpp
         ratbehavioranalysis.cpp
         Generating Code...
         C:\Program Files (x86)\Microsoft Visual Studio 12.0\VC\bin\CL.exe /c /I.\GeneratedFiles /I. /ID:\Qt\Qt5.6.0\5.6\msvc2013\include /I.\GeneratedFiles\Debug /ID:\Qt\Qt5.6.0\5.6\msvc2013\include\QtCore /ID:\Qt\Qt5.6.0\5.6\msvc2013\include\QtGui /ID:\Qt\Qt5.6.0\5.6\msvc2013\include\QtWidgets /Zi /nologo /W1 /WX- /Od /Oy- /D UNICODE /D WIN32 /D WIN64 /D QT_DLL /D QT_CORE_LIB /D QT_GUI_LIB /D QT_WIDGETS_LIB /Gm- /EHsc /MDd /GS /fp:precise /Zc:wchar_t /Zc:forScope /Fo"Debug\\" /Fd"Debug\vc120.pdb" /Gd /TP /analyze- /errorReport:prompt GeneratedFiles\qrc_ratbehavioranalysis.cpp
         qrc_ratbehavioranalysis.cpp
       Link:
         C:\Program Files (x86)\Microsoft Visual Studio 12.0\VC\bin\link.exe /ERRORREPORT:PROMPT /OUT:"C:\LocalPro\KinectV2\RatBehaviorAnalysis\Win32\Debug\\RatBehaviorAnalysis.exe" /NOLOGO /LIBPATH:D:\Qt\Qt5.6.0\5.6\msvc2013\lib qtmaind.lib Qt5Cored.lib Qt5Guid.lib Qt5Widgetsd.lib opencv_core2410d.lib opencv_highgui2410d.lib opencv_video2410d.lib opencv_imgproc2410d.lib opencv_features2d2410d.lib opencv_nonfree2410d.lib opencv_legacy2410d.lib opencv_calib3d2410d.lib opencv_contrib2410d.lib Kinect20.lib kernel32.lib user32.lib gdi32.lib winspool.lib comdlg32.lib advapi32.lib shell32.lib ole32.lib oleaut32.lib uuid.lib odbc32.lib odbccp32.lib /MANIFEST /MANIFESTUAC:"level='asInvoker' uiAccess='false'" /manifest:embed /DEBUG /PDB:"C:\LocalPro\KinectV2\RatBehaviorAnalysis\Win32\Debug\RatBehaviorAnalysis.pdb" /SUBSYSTEM:WINDOWS /TLBID:1 /DYNAMICBASE /NXCOMPAT /IMPLIB:"C:\LocalPro\KinectV2\RatBehaviorAnalysis\Win32\Debug\RatBehaviorAnalysis.lib" /MACHINE:X86 /SAFESEH Debug\moc_ratbehavioranalysis.obj
         Debug\qrc_ratbehavioranalysis.obj
         Debug\main.obj
         Debug\ratbehavioranalysis.obj
         RatBehaviorAnalysis.vcxproj -> C:\LocalPro\KinectV2\RatBehaviorAnalysis\Win32\Debug\RatBehaviorAnalysis.exe
     1>Done Building Project "C:\LocalPro\KinectV2\RatBehaviorAnalysis\RatBehaviorAnalysis\RatBehaviorAnalysis.vcxproj" (Build target(s)).

Build succeeded.

Time Elapsed 00:00:07.00
